\BOOKMARK [0][-]{chapter*.2}{Abstract}{}% 1
\BOOKMARK [0][-]{chapter*.3}{Nomenclature}{}% 2
\BOOKMARK [0][-]{chapter.1}{Introduction}{}% 3
\BOOKMARK [1][-]{section.1.1}{Related work}{chapter.1}% 4
\BOOKMARK [2][-]{subsection.1.1.1}{Landing on a static platform}{section.1.1}% 5
\BOOKMARK [2][-]{subsection.1.1.2}{Landing on a moving platform}{section.1.1}% 6
\BOOKMARK [2][-]{subsection.1.1.3}{MPC for quadrotors}{section.1.1}% 7
\BOOKMARK [1][-]{section.1.2}{MBZIRC challenge}{chapter.1}% 8
\BOOKMARK [2][-]{subsection.1.2.1}{The arena}{section.1.2}% 9
\BOOKMARK [2][-]{subsection.1.2.2}{Landing platform}{section.1.2}% 10
\BOOKMARK [0][-]{chapter.2}{General Overview}{}% 11
\BOOKMARK [1][-]{section.2.1}{SVO \046 MSF}{chapter.2}% 12
\BOOKMARK [2][-]{subsection.2.1.1}{SVO}{section.2.1}% 13
\BOOKMARK [2][-]{subsection.2.1.2}{MSF}{section.2.1}% 14
\BOOKMARK [1][-]{section.2.2}{Control}{chapter.2}% 15
\BOOKMARK [2][-]{subsection.2.2.1}{High level control}{section.2.2}% 16
\BOOKMARK [2][-]{subsection.2.2.2}{Low level control}{section.2.2}% 17
\BOOKMARK [1][-]{section.2.3}{Base detection and tracking}{chapter.2}% 18
\BOOKMARK [1][-]{section.2.4}{Landing state machine}{chapter.2}% 19
\BOOKMARK [1][-]{section.2.5}{Trajectory generation}{chapter.2}% 20
\BOOKMARK [0][-]{chapter.3}{Base Detection and Tracking}{}% 21
\BOOKMARK [1][-]{section.3.1}{Prediction update: non-holonomic model}{chapter.3}% 22
\BOOKMARK [2][-]{subsection.3.1.1}{Straight and circular path}{section.3.1}% 23
\BOOKMARK [2][-]{subsection.3.1.2}{Infinity shape path}{section.3.1}% 24
\BOOKMARK [1][-]{section.3.2}{Measurement update}{chapter.3}% 25
\BOOKMARK [2][-]{subsection.3.2.1}{Platform pose estimation at high altitudes}{section.3.2}% 26
\BOOKMARK [2][-]{subsection.3.2.2}{Platform pose estimation at low altitudes}{section.3.2}% 27
\BOOKMARK [2][-]{subsection.3.2.3}{Covariance estimation}{section.3.2}% 28
\BOOKMARK [0][-]{chapter.4}{Landing State Machine}{}% 29
\BOOKMARK [1][-]{section.4.1}{Takeoff and searching for the base}{chapter.4}% 30
\BOOKMARK [1][-]{section.4.2}{Following the base}{chapter.4}% 31
\BOOKMARK [2][-]{subsection.4.2.1}{Understand type of movement}{section.4.2}% 32
\BOOKMARK [2][-]{subsection.4.2.2}{Calculate future positions of the moving platform}{section.4.2}% 33
\BOOKMARK [2][-]{subsection.4.2.3}{Select moment to land}{section.4.2}% 34
\BOOKMARK [1][-]{section.4.3}{Approaching the base}{chapter.4}% 35
\BOOKMARK [1][-]{section.4.4}{Aligning with the base}{chapter.4}% 36
\BOOKMARK [1][-]{section.4.5}{Landing on the base}{chapter.4}% 37
\BOOKMARK [0][-]{chapter.5}{Trajectory Generator}{}% 38
\BOOKMARK [1][-]{section.5.1}{Minimum jerk trajectory}{chapter.5}% 39
\BOOKMARK [2][-]{subsection.5.1.1}{Dynamic Model}{section.5.1}% 40
\BOOKMARK [2][-]{subsection.5.1.2}{Optimal control problem}{section.5.1}% 41
\BOOKMARK [2][-]{subsection.5.1.3}{Cost function}{section.5.1}% 42
\BOOKMARK [2][-]{subsection.5.1.4}{Constraints}{section.5.1}% 43
\BOOKMARK [2][-]{subsection.5.1.5}{Feasibility check}{section.5.1}% 44
\BOOKMARK [2][-]{subsection.5.1.6}{Estimating the acceleration}{section.5.1}% 45
\BOOKMARK [1][-]{section.5.2}{Minimum snap trajectory}{chapter.5}% 46
\BOOKMARK [1][-]{section.5.3}{Trajectory generation issues}{chapter.5}% 47
\BOOKMARK [2][-]{subsection.5.3.1}{Last chance solution}{section.5.3}% 48
\BOOKMARK [2][-]{subsection.5.3.2}{Too short final time}{section.5.3}% 49
\BOOKMARK [0][-]{chapter.6}{Experiments}{}% 50
\BOOKMARK [1][-]{section.6.1}{Real world hardware}{chapter.6}% 51
\BOOKMARK [2][-]{subsection.6.1.1}{Quadrotor}{section.6.1}% 52
\BOOKMARK [2][-]{subsection.6.1.2}{Moving platform}{section.6.1}% 53
\BOOKMARK [1][-]{section.6.2}{Simulation}{chapter.6}% 54
\BOOKMARK [1][-]{section.6.3}{SVO}{chapter.6}% 55
\BOOKMARK [2][-]{subsection.6.3.1}{Front looking vs down looking}{section.6.3}% 56
\BOOKMARK [1][-]{section.6.4}{Base detection and tracking}{chapter.6}% 57
\BOOKMARK [2][-]{subsection.6.4.1}{From high altitude}{section.6.4}% 58
\BOOKMARK [2][-]{subsection.6.4.2}{From low altitude}{section.6.4}% 59
\BOOKMARK [1][-]{section.6.5}{Trajectory generation}{chapter.6}% 60
\BOOKMARK [2][-]{subsection.6.5.1}{Acceleration estimation}{section.6.5}% 61
\BOOKMARK [1][-]{section.6.6}{Landing on a moving platform}{chapter.6}% 62
\BOOKMARK [0][-]{chapter.7}{Discussion}{}% 63
\BOOKMARK [1][-]{section.7.1}{Conclusion}{chapter.7}% 64
\BOOKMARK [1][-]{section.7.2}{Future Work}{chapter.7}% 65
\BOOKMARK [2][-]{subsection.7.2.1}{SVO with multiple cameras}{section.7.2}% 66
\BOOKMARK [2][-]{subsection.7.2.2}{State estimation with multiple sensors}{section.7.2}% 67
\BOOKMARK [2][-]{subsection.7.2.3}{Control}{section.7.2}% 68
\BOOKMARK [2][-]{subsection.7.2.4}{Smart way-points sampling during the exploration}{section.7.2}% 69
\BOOKMARK [2][-]{subsection.7.2.5}{Cross detector}{section.7.2}% 70
